# JRE version: Java(TM) SE Runtime Environment (8.0_161-b12) (build 1.8.0_161-b12)
# Java VM: Java HotSpot(TM) 64-Bit Server VM (25.161-b12 mixed mode windows-amd64 compressed oops)
Heap:
 PSYoungGen      total 198656K, used 43916K [0x0000000780100000, 0x000000078db00000, 0x00000007c0000000)
  eden space 190976K, 22% used [0x0000000780100000,0x0000000782be3330,0x000000078bb80000)
  from space 7680K, 0% used [0x000000078c880000,0x000000078c880000,0x000000078d000000)
  to   space 13312K, 0% used [0x000000078bb80000,0x000000078bb80000,0x000000078c880000)
 ParOldGen       total 71680K, used 14345K [0x0000000700200000, 0x0000000704800000, 0x0000000780100000)
  object space 71680K, 20% used [0x0000000700200000,0x0000000701002730,0x0000000704800000)
 Metaspace       used 22405K, capacity 23220K, committed 23424K, reserved 1069056K
  class space    used 2926K, capacity 3130K, committed 3200K, reserved 1048576K
GC Heap History (10 events):
Event: 2.807 GC heap before
{Heap before GC invocations=3 (full 0):
 PSYoungGen      total 57344K, used 54988K [0x0000000780100000, 0x0000000787100000, 0x00000007c0000000)
  eden space 49152K, 99% used [0x0000000780100000,0x00000007830e3f38,0x0000000783100000)
  from space 8192K, 72% used [0x0000000783900000,0x0000000783ecf4a0,0x0000000784100000)
  to   space 8192K, 0% used [0x0000000783100000,0x0000000783100000,0x0000000783900000)
 ParOldGen       total 131072K, used 32K [0x0000000700200000, 0x0000000708200000, 0x0000000780100000)
  object space 131072K, 0% used [0x0000000700200000,0x0000000700208000,0x0000000708200000)
 Metaspace       used 16745K, capacity 17262K, committed 17408K, reserved 1064960K
  class space    used 2169K, capacity 2303K, committed 2304K, reserved 1048576K
Event: 2.812 GC heap after
Heap after GC invocations=3 (full 0):
 PSYoungGen      total 57344K, used 5853K [0x0000000780100000, 0x0000000787100000, 0x00000007c0000000)
  eden space 49152K, 0% used [0x0000000780100000,0x0000000780100000,0x0000000783100000)
  from space 8192K, 71% used [0x0000000783100000,0x00000007836b74a8,0x0000000783900000)
  to   space 8192K, 0% used [0x0000000786900000,0x0000000786900000,0x0000000787100000)
 ParOldGen       total 131072K, used 32K [0x0000000700200000, 0x0000000708200000, 0x0000000780100000)
  object space 131072K, 0% used [0x0000000700200000,0x0000000700208000,0x0000000708200000)
 Metaspace       used 16745K, capacity 17262K, committed 17408K, reserved 1064960K
  class space    used 2169K, capacity 2303K, committed 2304K, reserved 1048576K
}
Event: 2.826 GC heap before
{Heap before GC invocations=4 (full 0):
 PSYoungGen      total 57344K, used 54911K [0x0000000780100000, 0x0000000787100000, 0x00000007c0000000)
  eden space 49152K, 99% used [0x0000000780100000,0x00000007830e87a8,0x0000000783100000)
  from space 8192K, 71% used [0x0000000783100000,0x00000007836b74a8,0x0000000783900000)
  to   space 8192K, 0% used [0x0000000786900000,0x0000000786900000,0x0000000787100000)
 ParOldGen       total 131072K, used 32K [0x0000000700200000, 0x0000000708200000, 0x0000000780100000)
  object space 131072K, 0% used [0x0000000700200000,0x0000000700208000,0x0000000708200000)
 Metaspace       used 16745K, capacity 17262K, committed 17408K, reserved 1064960K
  class space    used 2169K, capacity 2303K, committed 2304K, reserved 1048576K
Event: 2.831 GC heap after
Heap after GC invocations=4 (full 0):
 PSYoungGen      total 106496K, used 5944K [0x0000000780100000, 0x0000000787100000, 0x00000007c0000000)
  eden space 98304K, 0% used [0x0000000780100000,0x0000000780100000,0x0000000786100000)
  from space 8192K, 72% used [0x0000000786900000,0x0000000786ece3f8,0x0000000787100000)
  to   space 8192K, 0% used [0x0000000786100000,0x0000000786100000,0x0000000786900000)
 ParOldGen       total 131072K, used 32K [0x0000000700200000, 0x0000000708200000, 0x0000000780100000)
  object space 131072K, 0% used [0x0000000700200000,0x0000000700208000,0x0000000708200000)
 Metaspace       used 16745K, capacity 17262K, committed 17408K, reserved 1064960K
  class space    used 2169K, capacity 2303K, committed 2304K, reserved 1048576K
}
Event: 2.869 GC heap before
{Heap before GC invocations=5 (full 0):
 PSYoungGen      total 106496K, used 104079K [0x0000000780100000, 0x0000000787100000, 0x00000007c0000000)
  eden space 98304K, 99% used [0x0000000780100000,0x00000007860d5a88,0x0000000786100000)
  from space 8192K, 72% used [0x0000000786900000,0x0000000786ece3f8,0x0000000787100000)
  to   space 8192K, 0% used [0x0000000786100000,0x0000000786100000,0x0000000786900000)
 ParOldGen       total 131072K, used 32K [0x0000000700200000, 0x0000000708200000, 0x0000000780100000)
  object space 131072K, 0% used [0x0000000700200000,0x0000000700208000,0x0000000708200000)
 Metaspace       used 16745K, capacity 17262K, committed 17408K, reserved 1064960K
  class space    used 2169K, capacity 2303K, committed 2304K, reserved 1048576K
Event: 2.875 GC heap after
Heap after GC invocations=5 (full 0):
 PSYoungGen      total 106496K, used 5935K [0x0000000780100000, 0x000000078d000000, 0x00000007c0000000)
  eden space 98304K, 0% used [0x0000000780100000,0x0000000780100000,0x0000000786100000)
  from space 8192K, 72% used [0x0000000786100000,0x00000007866cbf78,0x0000000786900000)
  to   space 7680K, 0% used [0x000000078c880000,0x000000078c880000,0x000000078d000000)
 ParOldGen       total 131072K, used 32K [0x0000000700200000, 0x0000000708200000, 0x0000000780100000)
  object space 131072K, 0% used [0x0000000700200000,0x0000000700208000,0x0000000708200000)
 Metaspace       used 16745K, capacity 17262K, committed 17408K, reserved 1064960K
  class space    used 2169K, capacity 2303K, committed 2304K, reserved 1048576K
}
Event: 4.279 GC heap before
{Heap before GC invocations=6 (full 0):
 PSYoungGen      total 106496K, used 78466K [0x0000000780100000, 0x000000078d000000, 0x00000007c0000000)
  eden space 98304K, 73% used [0x0000000780100000,0x00000007847d4a50,0x0000000786100000)
  from space 8192K, 72% used [0x0000000786100000,0x00000007866cbf78,0x0000000786900000)
  to   space 7680K, 0% used [0x000000078c880000,0x000000078c880000,0x000000078d000000)
 ParOldGen       total 131072K, used 32K [0x0000000700200000, 0x0000000708200000, 0x0000000780100000)
  object space 131072K, 0% used [0x0000000700200000,0x0000000700208000,0x0000000708200000)
 Metaspace       used 20490K, capacity 21248K, committed 21296K, reserved 1067008K
  class space    used 2695K, capacity 2916K, committed 2944K, reserved 1048576K
Event: 4.289 GC heap after
Heap after GC invocations=6 (full 0):
 PSYoungGen      total 198656K, used 7672K [0x0000000780100000, 0x000000078db00000, 0x00000007c0000000)
  eden space 190976K, 0% used [0x0000000780100000,0x0000000780100000,0x000000078bb80000)
  from space 7680K, 99% used [0x000000078c880000,0x000000078cffe030,0x000000078d000000)
  to   space 13312K, 0% used [0x000000078bb80000,0x000000078bb80000,0x000000078c880000)
 ParOldGen       total 131072K, used 8892K [0x0000000700200000, 0x0000000708200000, 0x0000000780100000)
  object space 131072K, 6% used [0x0000000700200000,0x0000000700aaf240,0x0000000708200000)
 Metaspace       used 20490K, capacity 21248K, committed 21296K, reserved 1067008K
  class space    used 2695K, capacity 2916K, committed 2944K, reserved 1048576K
}
Event: 4.289 GC heap before
{Heap before GC invocations=7 (full 1):
 PSYoungGen      total 198656K, used 7672K [0x0000000780100000, 0x000000078db00000, 0x00000007c0000000)
  eden space 190976K, 0% used [0x0000000780100000,0x0000000780100000,0x000000078bb80000)
  from space 7680K, 99% used [0x000000078c880000,0x000000078cffe030,0x000000078d000000)
  to   space 13312K, 0% used [0x000000078bb80000,0x000000078bb80000,0x000000078c880000)
 ParOldGen       total 131072K, used 8892K [0x0000000700200000, 0x0000000708200000, 0x0000000780100000)
  object space 131072K, 6% used [0x0000000700200000,0x0000000700aaf240,0x0000000708200000)
 Metaspace       used 20490K, capacity 21248K, committed 21296K, reserved 1067008K
  class space    used 2695K, capacity 2916K, committed 2944K, reserved 1048576K
Event: 4.321 GC heap after
Heap after GC invocations=7 (full 1):
 PSYoungGen      total 198656K, used 0K [0x0000000780100000, 0x000000078db00000, 0x00000007c0000000)
  eden space 190976K, 0% used [0x0000000780100000,0x0000000780100000,0x000000078bb80000)
  from space 7680K, 0% used [0x000000078c880000,0x000000078c880000,0x000000078d000000)
  to   space 13312K, 0% used [0x000000078bb80000,0x000000078bb80000,0x000000078c880000)
 ParOldGen       total 71680K, used 14345K [0x0000000700200000, 0x0000000704800000, 0x0000000780100000)
  object space 71680K, 20% used [0x0000000700200000,0x0000000701002730,0x0000000704800000)
 Metaspace       used 20490K, capacity 21248K, committed 21296K, reserved 1067008K
  class space    used 2695K, capacity 2916K, committed 2944K, reserved 1048576K
}

